[debug] [2021-04-21T07:37:09.678Z] ----------------------------------------------------------------------
[debug] [2021-04-21T07:37:09.681Z] Command:       C:\Program Files\nodejs\node.exe C:\Users\Amit\AppData\Roaming\npm\node_modules\firebase-tools\lib\bin\firebase.js init
[debug] [2021-04-21T07:37:09.682Z] CLI Version:   9.10.0
[debug] [2021-04-21T07:37:09.682Z] Platform:      win32
[debug] [2021-04-21T07:37:09.682Z] Node Version:  v14.16.0
[debug] [2021-04-21T07:37:09.685Z] Time:          Wed Apr 21 2021 13:07:09 GMT+0530 (India Standard Time)
[debug] [2021-04-21T07:37:09.685Z] ----------------------------------------------------------------------
[debug] 
[debug] [2021-04-21T07:37:09.703Z] > command requires scopes: ["email","openid","https://www.googleapis.com/auth/cloudplatformprojects.readonly","https://www.googleapis.com/auth/firebase","https://www.googleapis.com/auth/cloud-platform"]
[debug] [2021-04-21T07:37:09.703Z] > authorizing via signed-in user (gamit9022@gmail.com)
[info] 
     ######## #### ########  ######## ########     ###     ######  ########
     ##        ##  ##     ## ##       ##     ##  ##   ##  ##       ##
     ######    ##  ########  ######   ########  #########  ######  ######
     ##        ##  ##    ##  ##       ##     ## ##     ##       ## ##
     ##       #### ##     ## ######## ########  ##     ##  ######  ########

You're about to initialize a Firebase project in this directory:

  D:\Youtube-clone\youtube-clone

[info] 
=== Project Setup
[info] 
[info] First, let's associate this project directory with a Firebase project.
[info] You can create multiple project aliases by running firebase use --add, 
[info] but for now we'll just set up a default project.
[info] 
[debug] [2021-04-21T07:37:56.225Z] >>> [apiv2][query] GET https://firebase.googleapis.com/v1beta1/projects pageSize=100
[debug] [2021-04-21T07:37:57.351Z] <<< [apiv2][status] GET https://firebase.googleapis.com/v1beta1/projects 200
[debug] [2021-04-21T07:37:57.351Z] <<< [apiv2][body] GET https://firebase.googleapis.com/v1beta1/projects [omitted]
[info] i  Using project clone-78228 (Youtube-clone) 
[info] 
=== Hosting Setup
[info] 
[info] Your public directory is the folder (relative to your project directory) that
[info] will contain Hosting assets to be uploaded with firebase deploy. If you
[info] have a build process for your assets, use your build's output directory.
[info] 
[debug] [2021-04-21T07:50:11.459Z] >>> [apiv2][query] GET https://www.gstatic.com/firebasejs/releases.json [none]
[debug] [2021-04-21T07:50:12.310Z] <<< [apiv2][status] GET https://www.gstatic.com/firebasejs/releases.json 200
[debug] [2021-04-21T07:50:12.311Z] <<< [apiv2][body] GET https://www.gstatic.com/firebasejs/releases.json {"current":{"version":"8.4.1","browserURL":"https://www.gstatic.com/firebasejs/8.4.1/firebase.js","packageURL":"https://www.gstatic.com/firebasejs/8.4.1/firebase.tgz"},"live":{"version":"8.4","browserURL":"https://www.gstatic.com/firebasejs/live/8.4/firebase.js","packageURL":"https://www.gstatic.com/firebasejs/live/8.4/firebase.tgz"},"components":{"analytics":"https://www.gstatic.com/firebasejs/8.4.1/firebase-analytics.js","app":"https://www.gstatic.com/firebasejs/8.4.1/firebase-app.js","auth":"https://www.gstatic.com/firebasejs/8.4.1/firebase-auth.js","database":"https://www.gstatic.com/firebasejs/8.4.1/firebase-database.js","firestore":"https://www.gstatic.com/firebasejs/8.4.1/firebase-firestore.js","functions":"https://www.gstatic.com/firebasejs/8.4.1/firebase-functions.js","installations":"https://www.gstatic.com/firebasejs/8.4.1/firebase-installations.js","messaging":"https://www.gstatic.com/firebasejs/8.4.1/firebase-messaging.js","storage":"https://www.gstatic.com/firebasejs/8.4.1/firebase-storage.js","performance":"https://www.gstatic.com/firebasejs/8.4.1/firebase-performance.js","remote-config":"https://www.gstatic.com/firebasejs/8.4.1/firebase-remote-config.js","firestore.memory":"https://www.gstatic.com/firebasejs/8.4.1/firebase-firestore.memory.js"}}
[info] +  Wrote build/index.html 
[info] 
[info] i  Didn't detect a .git folder. Assuming D:\Youtube-clone\youtube-clone is the project root. 
[info] i  Authorizing with GitHub to upload your service account to a GitHub repository's secrets store. 
[info] 
[info] Visit this URL on this device to log in:
[info] https://github.com/login/oauth/authorize?client_id=89cf50f02ac6aaed3484&state=222545128&redirect_uri=http%3A%2F%2Flocalhost%3A9005&scope=read%3Auser%20repo%20public_repo
[info] 
[info] Waiting for authentication...
[debug] [2021-04-21T07:50:40.566Z] >>> HTTP REQUEST POST https://github.com/login/oauth/access_token  
 {"client_id":"89cf50f02ac6aaed3484","client_secret":"3330d14abc895d9a74d5f17cd7a00711fa2c5bf0","code":"df761f774d074fa48508","redirect_uri":"http://localhost:9005","state":"222545128"}
[debug] [2021-04-21T07:50:41.306Z] <<< HTTP RESPONSE 200 {"server":"GitHub.com","date":"Wed, 21 Apr 2021 07:50:43 GMT","content-type":"application/json; charset=utf-8","transfer-encoding":"chunked","vary":"X-PJAX, Accept-Encoding, Accept, X-Requested-With","permissions-policy":"interest-cohort=()","etag":"W/\"bcc251fbd6a4d7a1465e0c4dd8cbd9fb\"","cache-control":"max-age=0, private, must-revalidate","strict-transport-security":"max-age=31536000; includeSubdomains; preload","x-frame-options":"deny","x-content-type-options":"nosniff","x-xss-protection":"0","referrer-policy":"origin-when-cross-origin, strict-origin-when-cross-origin","expect-ct":"max-age=2592000, report-uri=\"https://api.github.com/_private/browser/errors\"","content-security-policy":"default-src 'none'; base-uri 'self'; block-all-mixed-content; connect-src 'self' uploads.github.com www.githubstatus.com collector.githubapp.com api.github.com github-cloud.s3.amazonaws.com github-production-repository-file-5c1aeb.s3.amazonaws.com github-production-upload-manifest-file-7fdce7.s3.amazonaws.com github-production-user-asset-6210df.s3.amazonaws.com cdn.optimizely.com logx.optimizely.com/v1/events wss://alive.github.com; font-src github.githubassets.com; form-action 'self' github.com gist.github.com; frame-ancestors 'none'; frame-src render.githubusercontent.com; img-src 'self' data: github.githubassets.com identicons.github.com collector.githubapp.com github-cloud.s3.amazonaws.com secured-user-images.githubusercontent.com/ *.githubusercontent.com; manifest-src 'self'; media-src 'none'; script-src github.githubassets.com; style-src 'unsafe-inline' github.githubassets.com; worker-src github.com/socket-worker-3f088aa2.js gist.github.com/socket-worker-3f088aa2.js","x-github-request-id":"DD0C:1A66:F80D79:111086F:607FD953"}
[debug] [2021-04-21T07:50:41.315Z] >>> [apiv2][query] GET https://api.github.com/user [none]
[debug] [2021-04-21T07:50:42.620Z] <<< [apiv2][status] GET https://api.github.com/user 200
[debug] [2021-04-21T07:50:42.621Z] <<< [apiv2][body] GET https://api.github.com/user {"login":"Amit8830","id":70626041,"node_id":"MDQ6VXNlcjcwNjI2MDQx","avatar_url":"https://avatars.githubusercontent.com/u/70626041?v=4","gravatar_id":"","url":"https://api.github.com/users/Amit8830","html_url":"https://github.com/Amit8830","followers_url":"https://api.github.com/users/Amit8830/followers","following_url":"https://api.github.com/users/Amit8830/following{/other_user}","gists_url":"https://api.github.com/users/Amit8830/gists{/gist_id}","starred_url":"https://api.github.com/users/Amit8830/starred{/owner}{/repo}","subscriptions_url":"https://api.github.com/users/Amit8830/subscriptions","organizations_url":"https://api.github.com/users/Amit8830/orgs","repos_url":"https://api.github.com/users/Amit8830/repos","events_url":"https://api.github.com/users/Amit8830/events{/privacy}","received_events_url":"https://api.github.com/users/Amit8830/received_events","type":"User","site_admin":false,"name":"AMIT ASHOK GUPTA","company":null,"blog":"","location":"Bhiwandi","email":null,"hireable":null,"bio":null,"twitter_username":"gamit9022","public_repos":7,"public_gists":0,"followers":0,"following":0,"created_at":"2020-09-02T06:37:38Z","updated_at":"2021-04-21T07:50:42Z","private_gists":0,"total_private_repos":0,"owned_private_repos":0,"disk_usage":1168,"collaborators":0,"two_factor_authentication":false,"plan":{"name":"free","space":976562499,"collaborators":0,"private_repos":10000}}
[info] 
[info] +  Success! Logged into GitHub as Amit8830 
[info] 
[debug] [2021-04-21T07:55:35.346Z] >>> [apiv2][query] GET https://api.github.com/repos//actions/secrets/public-key type=owner
[debug] [2021-04-21T07:55:36.303Z] <<< [apiv2][status] GET https://api.github.com/repos//actions/secrets/public-key 404
[debug] [2021-04-21T07:55:36.303Z] <<< [apiv2][body] GET https://api.github.com/repos//actions/secrets/public-key {"message":"Not Found","documentation_url":"https://docs.github.com/rest"}
[debug] [2021-04-21T07:56:53.834Z] >>> [apiv2][query] GET https://api.github.com/repos/Amit8830/youtubeclone/actions/secrets/public-key type=owner
[debug] [2021-04-21T07:56:54.375Z] <<< [apiv2][status] GET https://api.github.com/repos/Amit8830/youtubeclone/actions/secrets/public-key 404
[debug] [2021-04-21T07:56:54.376Z] <<< [apiv2][body] GET https://api.github.com/repos/Amit8830/youtubeclone/actions/secrets/public-key {"message":"Not Found","documentation_url":"https://docs.github.com/rest/reference/actions#get-a-repository-public-key"}
[debug] [2021-04-21T07:57:57.346Z] >>> [apiv2][query] GET https://api.github.com/repos/Amit8830/actions/secrets/public-key type=owner
[debug] [2021-04-21T07:57:58.151Z] <<< [apiv2][status] GET https://api.github.com/repos/Amit8830/actions/secrets/public-key 404
[debug] [2021-04-21T07:57:58.151Z] <<< [apiv2][body] GET https://api.github.com/repos/Amit8830/actions/secrets/public-key {"message":"Not Found","documentation_url":"https://docs.github.com/rest"}
[debug] [2021-04-21T08:00:21.366Z] >>> [apiv2][query] GET https://api.github.com/repos/Amit8830/youtube-clone/actions/secrets/public-key type=owner
[debug] [2021-04-21T08:00:23.311Z] <<< [apiv2][status] GET https://api.github.com/repos/Amit8830/youtube-clone/actions/secrets/public-key 404
[debug] [2021-04-21T08:00:23.311Z] <<< [apiv2][body] GET https://api.github.com/repos/Amit8830/youtube-clone/actions/secrets/public-key {"message":"Not Found","documentation_url":"https://docs.github.com/rest/reference/actions#get-a-repository-public-key"}
[debug] [2021-04-21T08:04:38.083Z] >>> [apiv2][query] GET https://api.github.com/repos/Amit8830/actions/secrets/public-key type=owner
[debug] [2021-04-21T08:04:38.340Z] <<< [apiv2][status] GET https://api.github.com/repos/Amit8830/actions/secrets/public-key 404
[debug] [2021-04-21T08:04:38.341Z] <<< [apiv2][body] GET https://api.github.com/repos/Amit8830/actions/secrets/public-key {"message":"Not Found","documentation_url":"https://docs.github.com/rest"}
[debug] [2021-04-21T08:05:01.578Z] >>> [apiv2][query] GET https://api.github.com/repos/Amit8830/repository/actions/secrets/public-key type=owner
[debug] [2021-04-21T08:05:01.941Z] <<< [apiv2][status] GET https://api.github.com/repos/Amit8830/repository/actions/secrets/public-key 404
[debug] [2021-04-21T08:05:01.941Z] <<< [apiv2][body] GET https://api.github.com/repos/Amit8830/repository/actions/secrets/public-key {"message":"Not Found","documentation_url":"https://docs.github.com/rest/reference/actions#get-a-repository-public-key"}
[debug] [2021-04-21T08:05:14.544Z] >>> [apiv2][query] GET https://api.github.com/repos/Amit8830/build/actions/secrets/public-key type=owner
[debug] [2021-04-21T08:05:14.855Z] <<< [apiv2][status] GET https://api.github.com/repos/Amit8830/build/actions/secrets/public-key 404
[debug] [2021-04-21T08:05:14.856Z] <<< [apiv2][body] GET https://api.github.com/repos/Amit8830/build/actions/secrets/public-key {"message":"Not Found","documentation_url":"https://docs.github.com/rest/reference/actions#get-a-repository-public-key"}
